<?xml version="1.0" encoding="UTF-8"?>
<!-- Generated by org.testng.reporters.JUnitReportReporter -->
<testsuite hostname="LAPTOP-JTVULOUH" failures="0" tests="3" name="day35.secondtest" time="8.052" errors="0" timestamp="2023-10-31T21:50:27 IST" skipped="0">
  <testcase classname="day35.secondtest" name="openApp" time="7.188"/>
  <testcase classname="day35.secondtest" name="login" time="0.666"/>
  <testcase classname="day35.secondtest" name="closeApp" time="0.198"/>
</testsuite> <!-- day35.secondtest -->
